app/build/outputs/logs/manifest-merger-debug-report.txt
-- Merging decision tree log ---
manifest
ADDED from src\main\AndroidManifest.xml:2:1-28:12
	package
		ADDED from src\main\AndroidManifest.xml:3:7-26
		INJECTED from src\main\AndroidManifest.xml
		INJECTED from src\main\AndroidManifest.xml
	android:versionName
		ADDED from src\main\AndroidManifest.xml:5:7-32
		INJECTED from src\main\AndroidManifest.xml
		INJECTED from src\main\AndroidManifest.xml
	android:versionCode
		ADDED from src\main\AndroidManifest.xml:4:7-30
		INJECTED from src\main\AndroidManifest.xml
		INJECTED from src\main\AndroidManifest.xml
	xmlns:android
		ADDED from src\main\AndroidManifest.xml:2:11-69
uses-sdk
ADDED from src\main\AndroidManifest.xml:6:5-43
	android:targetSdkVersion
		INJECTED from src\main\AndroidManifest.xml
		INJECTED from src\main\AndroidManifest.xml
	android:minSdkVersion
		ADDED from src\main\AndroidManifest.xml:6:15-40
		INJECTED from src\main\AndroidManifest.xml
		INJECTED from src\main\AndroidManifest.xml
uses-permission#android.permission.RECEIVE_SMS
ADDED from src\main\AndroidManifest.xml:7:1-82
	android:name
		ADDED from src\main\AndroidManifest.xml:7:18-63
uses-permission#android.permission.INTERNET
ADDED from src\main\AndroidManifest.xml:8:2-63
	android:name
		ADDED from src\main\AndroidManifest.xml:8:19-61
uses-permission#android.permission.SEND_SMS
ADDED from src\main\AndroidManifest.xml:9:2-63
	android:name
		ADDED from src\main\AndroidManifest.xml:9:19-61
application
ADDED from src\main\AndroidManifest.xml:10:5-27:19
	android:label
		ADDED from src\main\AndroidManifest.xml:10:48-80
	android:icon
		ADDED from src\main\AndroidManifest.xml:10:18-47
activity#com.ayaan.AyaanActivity
ADDED from src\main\AndroidManifest.xml:11:9-17:20
	android:label
		ADDED from src\main\AndroidManifest.xml:12:19-51
	android:name
		ADDED from src\main\AndroidManifest.xml:11:19-48
intent-filter#android.intent.action.MAIN+android.intent.category.LAUNCHER
ADDED from src\main\AndroidManifest.xml:13:13-16:29
action#android.intent.action.MAIN
ADDED from src\main\AndroidManifest.xml:14:17-69
	android:name
		ADDED from src\main\AndroidManifest.xml:14:25-66
category#android.intent.category.LAUNCHER
ADDED from src\main\AndroidManifest.xml:15:17-77
	android:name
		ADDED from src\main\AndroidManifest.xml:15:27-74
activity#com.ayaan.RegisterActivity
ADDED from src\main\AndroidManifest.xml:18:1-79
	android:label
		ADDED from src\main\AndroidManifest.xml:18:44-76
	android:name
		ADDED from src\main\AndroidManifest.xml:18:11-43
activity#com.ayaan.TestActivity
ADDED from src\main\AndroidManifest.xml:19:5-80
	android:label
		ADDED from src\main\AndroidManifest.xml:19:45-77
	android:name
		ADDED from src\main\AndroidManifest.xml:19:15-43
activity#com.ayaan.ManageActivity
ADDED from src\main\AndroidManifest.xml:20:5-82
	android:label
		ADDED from src\main\AndroidManifest.xml:20:47-79
	android:name
		ADDED from src\main\AndroidManifest.xml:20:15-45
activity#com.ayaan.AttendanceActivity
ADDED from src\main\AndroidManifest.xml:21:5-86
	android:label
		ADDED from src\main\AndroidManifest.xml:21:51-83
	android:name
		ADDED from src\main\AndroidManifest.xml:21:15-49
activity#com.ayaan.Register_adminActivity
ADDED from src\main\AndroidManifest.xml:22:5-90
	android:label
		ADDED from src\main\AndroidManifest.xml:22:55-87
	android:name
		ADDED from src\main\AndroidManifest.xml:22:15-53
activity#com.ayaan.Admin_homeActivity
ADDED from src\main\AndroidManifest.xml:23:6-87
	android:label
		ADDED from src\main\AndroidManifest.xml:23:52-84
	android:name
		ADDED from src\main\AndroidManifest.xml:23:16-50
activity#com.ayaan.StudentActivity
ADDED from src\main\AndroidManifest.xml:24:6-84
	android:label
		ADDED from src\main\AndroidManifest.xml:24:49-81
	android:name
		ADDED from src\main\AndroidManifest.xml:24:16-47
activity#com.ayaan.FactultyActivity
ADDED from src\main\AndroidManifest.xml:25:6-85
	android:label
		ADDED from src\main\AndroidManifest.xml:25:50-82
	android:name
		ADDED from src\main\AndroidManifest.xml:25:16-48
activity#com.ayaan.ViewActivity
ADDED from src\main\AndroidManifest.xml:26:7-82
	android:label
		ADDED from src\main\AndroidManifest.xml:26:47-79
	android:name
		ADDED from src\main\AndroidManifest.xml:26:17-45